Drill report for C:\Users\gyea1\OneDrive\Documents\kicad\SprinklerControllerSTM\SprinklerControllerSTM.kicad_pcb
Created on 12/18/2018 2:51:39 PM

Copper Layer Stackup:
    =============================================================
    L1 :  F.Cu                      front
    L2 :  B.Cu                      back


Drill file 'SprinklerControllerSTM-PTH.drl' contains
    plated through holes:
    =============================================================
    T1  0.40mm  0.016"  (464 holes)
    T2  0.50mm  0.020"  (2 holes)
    T3  0.80mm  0.031"  (8 holes)
    T4  1.00mm  0.039"  (115 holes)
    T5  1.30mm  0.051"  (4 holes)
    T6  2.70mm  0.106"  (4 holes)

    Total plated holes count 597


Drill file 'SprinklerControllerSTM-NPTH.drl' contains
    unplated through holes:
    =============================================================

    Total unplated holes count 0
